2025-04-21 18:36:29 - com.project.AirbnbapiApplication - Starting AirbnbapiApplication using Java 17.0.12 with PID 7034 (/Users/amant/Desktop/Project/AirBnBApp/airbnbapi/target/classes started by amant in /Users/amant/Desktop/Project/AirBnBApp/airbnbapi)
2025-04-21 18:36:29 - com.project.AirbnbapiApplication - No active profile set, falling back to 1 default profile: "default"
2025-04-21 18:36:29 - o.s.d.r.c.RepositoryConfigurationDelegate - Bootstrapping Spring Data JPA repositories in DEFAULT mode.
2025-04-21 18:36:29 - o.s.d.r.c.RepositoryConfigurationDelegate - Finished Spring Data repository scanning in 18 ms. Found 3 JPA repository interfaces.
2025-04-21 18:36:29 - o.s.b.w.e.tomcat.TomcatWebServer - Tomcat initialized with port 8080 (http)
2025-04-21 18:36:29 - o.a.coyote.http11.Http11NioProtocol - Initializing ProtocolHandler ["http-nio-8080"]
2025-04-21 18:36:29 - o.a.catalina.core.StandardService - Starting service [Tomcat]
2025-04-21 18:36:29 - o.a.catalina.core.StandardEngine - Starting Servlet engine: [Apache Tomcat/10.1.39]
2025-04-21 18:36:29 - o.a.c.c.C.[.[localhost].[/api/v1] - Initializing Spring embedded WebApplicationContext
2025-04-21 18:36:29 - o.s.b.w.s.c.ServletWebServerApplicationContext - Root WebApplicationContext: initialization completed in 682 ms
2025-04-21 18:36:30 - o.s.w.f.ServerHttpObservationFilter - Filter 'webMvcObservationFilter' configured for use
2025-04-21 18:36:30 - o.h.jpa.internal.util.LogHelper - HHH000204: Processing PersistenceUnitInfo [name: default]
2025-04-21 18:36:30 - org.hibernate.Version - HHH000412: Hibernate ORM core version 6.6.11.Final
2025-04-21 18:36:30 - o.h.c.i.RegionFactoryInitiator - HHH000026: Second-level cache disabled
2025-04-21 18:36:30 - o.s.o.j.p.SpringPersistenceUnitInfo - No LoadTimeWeaver setup: ignoring JPA class transformer
2025-04-21 18:36:30 - com.zaxxer.hikari.HikariDataSource - HikariPool-1 - Starting...
2025-04-21 18:36:30 - com.zaxxer.hikari.pool.HikariPool - HikariPool-1 - Added connection com.mysql.cj.jdbc.ConnectionImpl@1397b141
2025-04-21 18:36:30 - com.zaxxer.hikari.HikariDataSource - HikariPool-1 - Start completed.
2025-04-21 18:36:30 - org.hibernate.orm.deprecation - HHH90000025: MySQLDialect does not need to be specified explicitly using 'hibernate.dialect' (remove the property setting and it will be selected by default)
2025-04-21 18:36:30 - o.hibernate.orm.connections.pooling - HHH10001005: Database info:
	Database JDBC URL [Connecting through datasource 'HikariDataSource (HikariPool-1)']
	Database driver: undefined/unknown
	Database version: 8.0.41
	Autocommit mode: undefined/unknown
	Isolation level: undefined/unknown
	Minimum pool size: undefined/unknown
	Maximum pool size: undefined/unknown
2025-04-21 18:36:30 - o.h.e.t.j.p.i.JtaPlatformInitiator - HHH000489: No JTA platform available (set 'hibernate.transaction.jta.platform' to enable JTA platform integration)
2025-04-21 18:36:30 - o.s.o.j.LocalContainerEntityManagerFactoryBean - Initialized JPA EntityManagerFactory for persistence unit 'default'
2025-04-21 18:36:30 - o.s.d.j.r.query.QueryEnhancerFactory - Hibernate is in classpath; If applicable, HQL parser will be used.
2025-04-21 18:36:31 - o.s.b.a.o.j.JpaBaseConfiguration$JpaWebConfiguration - spring.jpa.open-in-view is enabled by default. Therefore, database queries may be performed during view rendering. Explicitly configure spring.jpa.open-in-view to disable this warning
2025-04-21 18:36:31 - o.s.v.b.OptionalValidatorFactoryBean - Failed to set up a Bean Validation provider: jakarta.validation.NoProviderFoundException: Unable to create a Configuration, because no Jakarta Bean Validation provider could be found. Add a provider like Hibernate Validator (RI) to your classpath.
2025-04-21 18:36:31 - o.s.w.s.m.m.a.RequestMappingHandlerMapping - 16 mappings in 'requestMappingHandlerMapping'
2025-04-21 18:36:31 - o.s.w.s.h.SimpleUrlHandlerMapping - Patterns [/webjars/**, /**, /swagger-ui*/*swagger-initializer.js, /swagger-ui*/**] in 'resourceHandlerMapping'
2025-04-21 18:36:31 - o.s.w.s.m.m.a.RequestMappingHandlerAdapter - ControllerAdvice beans: 0 @ModelAttribute, 0 @InitBinder, 1 RequestBodyAdvice, 2 ResponseBodyAdvice
2025-04-21 18:36:31 - o.s.w.s.m.m.a.ExceptionHandlerExceptionResolver - ControllerAdvice beans: 2 @ExceptionHandler, 2 ResponseBodyAdvice
2025-04-21 18:36:31 - o.s.b.a.e.web.EndpointLinksResolver - Exposing 1 endpoint beneath base path '/actuator'
2025-04-21 18:36:31 - o.a.coyote.http11.Http11NioProtocol - Starting ProtocolHandler ["http-nio-8080"]
2025-04-21 18:36:31 - o.s.b.w.e.tomcat.TomcatWebServer - Tomcat started on port 8080 (http) with context path '/api/v1'
2025-04-21 18:36:31 - com.project.AirbnbapiApplication - Started AirbnbapiApplication in 2.674 seconds (process running for 2.893)
2025-04-21 18:37:55 - o.s.b.w.e.tomcat.GracefulShutdown - Commencing graceful shutdown. Waiting for active requests to complete
2025-04-21 18:37:57 - o.s.b.w.e.tomcat.GracefulShutdown - Graceful shutdown complete
2025-04-21 18:37:57 - o.s.o.j.LocalContainerEntityManagerFactoryBean - Closing JPA EntityManagerFactory for persistence unit 'default'
2025-04-21 18:37:57 - com.zaxxer.hikari.HikariDataSource - HikariPool-1 - Shutdown initiated...
2025-04-21 18:37:57 - com.zaxxer.hikari.HikariDataSource - HikariPool-1 - Shutdown completed.
